[debug] [2020-09-15T06:40:40.195Z] ----------------------------------------------------------------------
[debug] [2020-09-15T06:40:40.202Z] Command:       C:\Program Files\nodejs\node.exe C:\Users\user\AppData\Roaming\npm\node_modules\firebase-tools\lib\bin\firebase.js deploy
[debug] [2020-09-15T06:40:40.203Z] CLI Version:   8.9.0
[debug] [2020-09-15T06:40:40.203Z] Platform:      win32
[debug] [2020-09-15T06:40:40.204Z] Node Version:  v12.18.2
[debug] [2020-09-15T06:40:40.206Z] Time:          Tue Sep 15 2020 12:10:40 GMT+0530 (India Standard Time)
[debug] [2020-09-15T06:40:40.207Z] ----------------------------------------------------------------------
[debug] [2020-09-15T06:40:40.207Z] 
[debug] [2020-09-15T06:40:40.233Z] > command requires scopes: ["email","openid","https://www.googleapis.com/auth/cloudplatformprojects.readonly","https://www.googleapis.com/auth/firebase","https://www.googleapis.com/auth/cloud-platform"]
[debug] [2020-09-15T06:40:40.235Z] > authorizing via signed-in user
[debug] [2020-09-15T06:40:40.236Z] [iam] checking project immediatejoiner for permissions ["cloudfunctions.functions.create","cloudfunctions.functions.delete","cloudfunctions.functions.get","cloudfunctions.functions.list","cloudfunctions.functions.update","cloudfunctions.operations.get","firebase.projects.get","firebasehosting.sites.update"]
[debug] [2020-09-15T06:40:40.245Z] >>> HTTP REQUEST POST https://cloudresourcemanager.googleapis.com/v1/projects/immediatejoiner:testIamPermissions  
 {"permissions":["cloudfunctions.functions.create","cloudfunctions.functions.delete","cloudfunctions.functions.get","cloudfunctions.functions.list","cloudfunctions.functions.update","cloudfunctions.operations.get","firebase.projects.get","firebasehosting.sites.update"]}
[debug] [2020-09-15T06:40:41.734Z] <<< HTTP RESPONSE 200 {"content-type":"application/json; charset=UTF-8","vary":"X-Origin, Referer, Origin,Accept-Encoding","date":"Tue, 15 Sep 2020 06:40:44 GMT","server":"ESF","cache-control":"private","x-xss-protection":"0","x-frame-options":"SAMEORIGIN","x-content-type-options":"nosniff","server-timing":"gfet4t7; dur=1129","alt-svc":"h3-29=\":443\"; ma=2592000,h3-27=\":443\"; ma=2592000,h3-T051=\":443\"; ma=2592000,h3-T050=\":443\"; ma=2592000,h3-Q050=\":443\"; ma=2592000,h3-Q046=\":443\"; ma=2592000,h3-Q043=\":443\"; ma=2592000,quic=\":443\"; ma=2592000; v=\"46,43\"","accept-ranges":"none","transfer-encoding":"chunked"}
[debug] [2020-09-15T06:40:41.739Z] >>> HTTP REQUEST POST https://iam.googleapis.com/v1/projects/immediatejoiner/serviceAccounts/immediatejoiner@appspot.gserviceaccount.com:testIamPermissions  
 {"permissions":["iam.serviceAccounts.actAs"]}
[debug] [2020-09-15T06:40:43.364Z] <<< HTTP RESPONSE 200 {"content-type":"application/json; charset=UTF-8","vary":"X-Origin, Referer, Origin,Accept-Encoding","date":"Tue, 15 Sep 2020 06:40:45 GMT","server":"ESF","cache-control":"private","x-xss-protection":"0","x-frame-options":"SAMEORIGIN","x-content-type-options":"nosniff","alt-svc":"h3-29=\":443\"; ma=2592000,h3-27=\":443\"; ma=2592000,h3-T051=\":443\"; ma=2592000,h3-T050=\":443\"; ma=2592000,h3-Q050=\":443\"; ma=2592000,h3-Q046=\":443\"; ma=2592000,h3-Q043=\":443\"; ma=2592000,quic=\":443\"; ma=2592000; v=\"46,43\"","accept-ranges":"none","transfer-encoding":"chunked"}
[debug] [2020-09-15T06:40:43.367Z] >>> HTTP REQUEST GET https://firebase.googleapis.com/v1beta1/projects/immediatejoiner  
 
[debug] [2020-09-15T06:40:43.790Z] <<< HTTP RESPONSE 200 {"content-type":"application/json; charset=UTF-8","vary":"X-Origin, Referer, Origin,Accept-Encoding","date":"Tue, 15 Sep 2020 06:40:46 GMT","server":"ESF","cache-control":"private","x-xss-protection":"0","x-frame-options":"SAMEORIGIN","x-content-type-options":"nosniff","alt-svc":"h3-29=\":443\"; ma=2592000,h3-27=\":443\"; ma=2592000,h3-T051=\":443\"; ma=2592000,h3-T050=\":443\"; ma=2592000,h3-Q050=\":443\"; ma=2592000,h3-Q046=\":443\"; ma=2592000,h3-Q043=\":443\"; ma=2592000,quic=\":443\"; ma=2592000; v=\"46,43\"","accept-ranges":"none","transfer-encoding":"chunked"}
[info] 
[info] === Deploying to 'immediatejoiner'...
[info] 
[info] i  deploying functions, hosting 
[debug] [2020-09-15T06:40:51.934Z] > [functions] package.json contents: {
  "name": "functions",
  "description": "Cloud Functions for Firebase",
  "scripts": {
    "serve": "firebase emulators:start --only functions",
    "shell": "firebase functions:shell",
    "start": "npm run shell",
    "deploy": "firebase deploy --only functions",
    "logs": "firebase functions:log"
  },
  "engines": {
    "node": "10"
  },
  "main": "index.js",
  "dependencies": {
    "busboy": "^0.3.1",
    "cors": "^2.8.5",
    "firebase-admin": "^8.10.0",
    "firebase-functions": "^3.11.0",
    "@google-cloud/logging": "^7.2.3",
    "fs": "0.0.1-security",
    "os": "^0.1.1",
    "path": "^0.12.7",
    "stripe": "^8.56.0",
    "dotenv": "^8.0.0",
    "body-parser": "^1.19.0",
    "express": "^4.17.1"
  },
  "devDependencies": {
    "firebase-functions-test": "^0.2.0"
  },
  "private": true
}
[info] i  functions: ensuring required API cloudfunctions.googleapis.com is enabled... 
[info] i  functions: ensuring required API cloudbuild.googleapis.com is enabled... 
[debug] [2020-09-15T06:40:56.738Z] >>> HTTP REQUEST GET https://serviceusage.googleapis.com/v1/projects/immediatejoiner/services/cloudfunctions.googleapis.com  
 
[debug] [2020-09-15T06:40:56.739Z] >>> HTTP REQUEST GET https://serviceusage.googleapis.com/v1/projects/immediatejoiner/services/runtimeconfig.googleapis.com  
 
[debug] [2020-09-15T06:40:56.740Z] >>> HTTP REQUEST GET https://serviceusage.googleapis.com/v1/projects/immediatejoiner/services/cloudbuild.googleapis.com  
 
[debug] [2020-09-15T06:41:18.146Z] Error: connect ETIMEDOUT 216.58.200.138:443
    at TCPConnectWrap.afterConnect [as oncomplete] (net.js:1141:16)
[error] 
[error] Error: Server Error. connect ETIMEDOUT 216.58.200.138:443
[debug] [2020-09-15T06:42:27.238Z] ----------------------------------------------------------------------
[debug] [2020-09-15T06:42:27.246Z] Command:       C:\Program Files\nodejs\node.exe C:\Users\user\AppData\Roaming\npm\node_modules\firebase-tools\lib\bin\firebase.js deploy
[debug] [2020-09-15T06:42:27.247Z] CLI Version:   8.9.0
[debug] [2020-09-15T06:42:27.247Z] Platform:      win32
[debug] [2020-09-15T06:42:27.248Z] Node Version:  v12.18.2
[debug] [2020-09-15T06:42:27.250Z] Time:          Tue Sep 15 2020 12:12:27 GMT+0530 (India Standard Time)
[debug] [2020-09-15T06:42:27.251Z] ----------------------------------------------------------------------
[debug] [2020-09-15T06:42:27.251Z] 
[debug] [2020-09-15T06:42:27.277Z] > command requires scopes: ["email","openid","https://www.googleapis.com/auth/cloudplatformprojects.readonly","https://www.googleapis.com/auth/firebase","https://www.googleapis.com/auth/cloud-platform"]
[debug] [2020-09-15T06:42:27.279Z] > authorizing via signed-in user
[debug] [2020-09-15T06:42:27.280Z] [iam] checking project immediatejoiner for permissions ["cloudfunctions.functions.create","cloudfunctions.functions.delete","cloudfunctions.functions.get","cloudfunctions.functions.list","cloudfunctions.functions.update","cloudfunctions.operations.get","firebase.projects.get","firebasehosting.sites.update"]
[debug] [2020-09-15T06:42:27.290Z] >>> HTTP REQUEST POST https://cloudresourcemanager.googleapis.com/v1/projects/immediatejoiner:testIamPermissions  
 {"permissions":["cloudfunctions.functions.create","cloudfunctions.functions.delete","cloudfunctions.functions.get","cloudfunctions.functions.list","cloudfunctions.functions.update","cloudfunctions.operations.get","firebase.projects.get","firebasehosting.sites.update"]}
[debug] [2020-09-15T06:42:28.855Z] <<< HTTP RESPONSE 200 {"content-type":"application/json; charset=UTF-8","vary":"X-Origin, Referer, Origin,Accept-Encoding","date":"Tue, 15 Sep 2020 06:42:31 GMT","server":"ESF","cache-control":"private","x-xss-protection":"0","x-frame-options":"SAMEORIGIN","x-content-type-options":"nosniff","server-timing":"gfet4t7; dur=1142","alt-svc":"h3-29=\":443\"; ma=2592000,h3-27=\":443\"; ma=2592000,h3-T051=\":443\"; ma=2592000,h3-T050=\":443\"; ma=2592000,h3-Q050=\":443\"; ma=2592000,h3-Q046=\":443\"; ma=2592000,h3-Q043=\":443\"; ma=2592000,quic=\":443\"; ma=2592000; v=\"46,43\"","accept-ranges":"none","transfer-encoding":"chunked"}
[debug] [2020-09-15T06:42:28.860Z] >>> HTTP REQUEST POST https://iam.googleapis.com/v1/projects/immediatejoiner/serviceAccounts/immediatejoiner@appspot.gserviceaccount.com:testIamPermissions  
 {"permissions":["iam.serviceAccounts.actAs"]}
[debug] [2020-09-15T06:42:30.352Z] <<< HTTP RESPONSE 200 {"content-type":"application/json; charset=UTF-8","vary":"X-Origin, Referer, Origin,Accept-Encoding","date":"Tue, 15 Sep 2020 06:42:32 GMT","server":"ESF","cache-control":"private","x-xss-protection":"0","x-frame-options":"SAMEORIGIN","x-content-type-options":"nosniff","alt-svc":"h3-29=\":443\"; ma=2592000,h3-27=\":443\"; ma=2592000,h3-T051=\":443\"; ma=2592000,h3-T050=\":443\"; ma=2592000,h3-Q050=\":443\"; ma=2592000,h3-Q046=\":443\"; ma=2592000,h3-Q043=\":443\"; ma=2592000,quic=\":443\"; ma=2592000; v=\"46,43\"","accept-ranges":"none","transfer-encoding":"chunked"}
[debug] [2020-09-15T06:42:30.356Z] >>> HTTP REQUEST GET https://firebase.googleapis.com/v1beta1/projects/immediatejoiner  
 
[debug] [2020-09-15T06:42:30.841Z] <<< HTTP RESPONSE 200 {"content-type":"application/json; charset=UTF-8","vary":"X-Origin, Referer, Origin,Accept-Encoding","date":"Tue, 15 Sep 2020 06:42:33 GMT","server":"ESF","cache-control":"private","x-xss-protection":"0","x-frame-options":"SAMEORIGIN","x-content-type-options":"nosniff","alt-svc":"h3-29=\":443\"; ma=2592000,h3-27=\":443\"; ma=2592000,h3-T051=\":443\"; ma=2592000,h3-T050=\":443\"; ma=2592000,h3-Q050=\":443\"; ma=2592000,h3-Q046=\":443\"; ma=2592000,h3-Q043=\":443\"; ma=2592000,quic=\":443\"; ma=2592000; v=\"46,43\"","accept-ranges":"none","transfer-encoding":"chunked"}
[info] 
[info] === Deploying to 'immediatejoiner'...
[info] 
[info] i  deploying functions, hosting 
[debug] [2020-09-15T06:42:39.343Z] > [functions] package.json contents: {
  "name": "functions",
  "description": "Cloud Functions for Firebase",
  "scripts": {
    "serve": "firebase emulators:start --only functions",
    "shell": "firebase functions:shell",
    "start": "npm run shell",
    "deploy": "firebase deploy --only functions",
    "logs": "firebase functions:log"
  },
  "engines": {
    "node": "10"
  },
  "main": "index.js",
  "dependencies": {
    "busboy": "^0.3.1",
    "cors": "^2.8.5",
    "firebase-admin": "^8.10.0",
    "firebase-functions": "^3.11.0",
    "@google-cloud/logging": "^7.2.3",
    "fs": "0.0.1-security",
    "os": "^0.1.1",
    "path": "^0.12.7",
    "stripe": "^8.56.0",
    "dotenv": "^8.0.0",
    "body-parser": "^1.19.0",
    "express": "^4.17.1"
  },
  "devDependencies": {
    "firebase-functions-test": "^0.2.0"
  },
  "private": true
}
[info] i  functions: ensuring required API cloudfunctions.googleapis.com is enabled... 
[info] i  functions: ensuring required API cloudbuild.googleapis.com is enabled... 
[debug] [2020-09-15T06:42:44.267Z] >>> HTTP REQUEST GET https://serviceusage.googleapis.com/v1/projects/immediatejoiner/services/cloudfunctions.googleapis.com  
 
[debug] [2020-09-15T06:42:44.268Z] >>> HTTP REQUEST GET https://serviceusage.googleapis.com/v1/projects/immediatejoiner/services/runtimeconfig.googleapis.com  
 
[debug] [2020-09-15T06:42:44.269Z] >>> HTTP REQUEST GET https://serviceusage.googleapis.com/v1/projects/immediatejoiner/services/cloudbuild.googleapis.com  
 
[debug] [2020-09-15T06:43:05.420Z] Error: connect ETIMEDOUT 216.58.200.138:443
    at TCPConnectWrap.afterConnect [as oncomplete] (net.js:1141:16)
[error] 
[error] Error: Server Error. connect ETIMEDOUT 216.58.200.138:443
[debug] [2020-09-15T06:43:22.846Z] ----------------------------------------------------------------------
[debug] [2020-09-15T06:43:22.854Z] Command:       C:\Program Files\nodejs\node.exe C:\Users\user\AppData\Roaming\npm\node_modules\firebase-tools\lib\bin\firebase.js deploy
[debug] [2020-09-15T06:43:22.855Z] CLI Version:   8.9.0
[debug] [2020-09-15T06:43:22.855Z] Platform:      win32
[debug] [2020-09-15T06:43:22.856Z] Node Version:  v12.18.2
[debug] [2020-09-15T06:43:22.858Z] Time:          Tue Sep 15 2020 12:13:22 GMT+0530 (India Standard Time)
[debug] [2020-09-15T06:43:22.859Z] ----------------------------------------------------------------------
[debug] [2020-09-15T06:43:22.859Z] 
[debug] [2020-09-15T06:43:22.888Z] > command requires scopes: ["email","openid","https://www.googleapis.com/auth/cloudplatformprojects.readonly","https://www.googleapis.com/auth/firebase","https://www.googleapis.com/auth/cloud-platform"]
[debug] [2020-09-15T06:43:22.890Z] > authorizing via signed-in user
[debug] [2020-09-15T06:43:22.891Z] [iam] checking project immediatejoiner for permissions ["cloudfunctions.functions.create","cloudfunctions.functions.delete","cloudfunctions.functions.get","cloudfunctions.functions.list","cloudfunctions.functions.update","cloudfunctions.operations.get","firebase.projects.get","firebasehosting.sites.update"]
[debug] [2020-09-15T06:43:22.903Z] >>> HTTP REQUEST POST https://cloudresourcemanager.googleapis.com/v1/projects/immediatejoiner:testIamPermissions  
 {"permissions":["cloudfunctions.functions.create","cloudfunctions.functions.delete","cloudfunctions.functions.get","cloudfunctions.functions.list","cloudfunctions.functions.update","cloudfunctions.operations.get","firebase.projects.get","firebasehosting.sites.update"]}
[debug] [2020-09-15T06:43:23.285Z] <<< HTTP RESPONSE 200 {"content-type":"application/json; charset=UTF-8","vary":"X-Origin, Referer, Origin,Accept-Encoding","date":"Tue, 15 Sep 2020 06:43:25 GMT","server":"ESF","cache-control":"private","x-xss-protection":"0","x-frame-options":"SAMEORIGIN","x-content-type-options":"nosniff","server-timing":"gfet4t7; dur=238","alt-svc":"h3-29=\":443\"; ma=2592000,h3-27=\":443\"; ma=2592000,h3-T051=\":443\"; ma=2592000,h3-T050=\":443\"; ma=2592000,h3-Q050=\":443\"; ma=2592000,h3-Q046=\":443\"; ma=2592000,h3-Q043=\":443\"; ma=2592000,quic=\":443\"; ma=2592000; v=\"46,43\"","accept-ranges":"none","transfer-encoding":"chunked"}
[debug] [2020-09-15T06:43:23.290Z] >>> HTTP REQUEST POST https://iam.googleapis.com/v1/projects/immediatejoiner/serviceAccounts/immediatejoiner@appspot.gserviceaccount.com:testIamPermissions  
 {"permissions":["iam.serviceAccounts.actAs"]}
[debug] [2020-09-15T06:43:24.734Z] <<< HTTP RESPONSE 200 {"content-type":"application/json; charset=UTF-8","vary":"X-Origin, Referer, Origin,Accept-Encoding","date":"Tue, 15 Sep 2020 06:43:27 GMT","server":"ESF","cache-control":"private","x-xss-protection":"0","x-frame-options":"SAMEORIGIN","x-content-type-options":"nosniff","alt-svc":"h3-29=\":443\"; ma=2592000,h3-27=\":443\"; ma=2592000,h3-T051=\":443\"; ma=2592000,h3-T050=\":443\"; ma=2592000,h3-Q050=\":443\"; ma=2592000,h3-Q046=\":443\"; ma=2592000,h3-Q043=\":443\"; ma=2592000,quic=\":443\"; ma=2592000; v=\"46,43\"","accept-ranges":"none","transfer-encoding":"chunked"}
[debug] [2020-09-15T06:43:24.738Z] >>> HTTP REQUEST GET https://firebase.googleapis.com/v1beta1/projects/immediatejoiner  
 
[debug] [2020-09-15T06:43:25.052Z] <<< HTTP RESPONSE 200 {"content-type":"application/json; charset=UTF-8","vary":"X-Origin, Referer, Origin,Accept-Encoding","date":"Tue, 15 Sep 2020 06:43:27 GMT","server":"ESF","cache-control":"private","x-xss-protection":"0","x-frame-options":"SAMEORIGIN","x-content-type-options":"nosniff","alt-svc":"h3-29=\":443\"; ma=2592000,h3-27=\":443\"; ma=2592000,h3-T051=\":443\"; ma=2592000,h3-T050=\":443\"; ma=2592000,h3-Q050=\":443\"; ma=2592000,h3-Q046=\":443\"; ma=2592000,h3-Q043=\":443\"; ma=2592000,quic=\":443\"; ma=2592000; v=\"46,43\"","accept-ranges":"none","transfer-encoding":"chunked"}
[info] 
[info] === Deploying to 'immediatejoiner'...
[info] 
[info] i  deploying functions, hosting 
[debug] [2020-09-15T06:43:33.602Z] > [functions] package.json contents: {
  "name": "functions",
  "description": "Cloud Functions for Firebase",
  "scripts": {
    "serve": "firebase emulators:start --only functions",
    "shell": "firebase functions:shell",
    "start": "npm run shell",
    "deploy": "firebase deploy --only functions",
    "logs": "firebase functions:log"
  },
  "engines": {
    "node": "10"
  },
  "main": "index.js",
  "dependencies": {
    "busboy": "^0.3.1",
    "cors": "^2.8.5",
    "firebase-admin": "^8.10.0",
    "firebase-functions": "^3.11.0",
    "@google-cloud/logging": "^7.2.3",
    "fs": "0.0.1-security",
    "os": "^0.1.1",
    "path": "^0.12.7",
    "stripe": "^8.56.0",
    "dotenv": "^8.0.0",
    "body-parser": "^1.19.0",
    "express": "^4.17.1"
  },
  "devDependencies": {
    "firebase-functions-test": "^0.2.0"
  },
  "private": true
}
[info] i  functions: ensuring required API cloudfunctions.googleapis.com is enabled... 
[info] i  functions: ensuring required API cloudbuild.googleapis.com is enabled... 
[debug] [2020-09-15T06:43:39.042Z] >>> HTTP REQUEST GET https://serviceusage.googleapis.com/v1/projects/immediatejoiner/services/cloudfunctions.googleapis.com  
 
[debug] [2020-09-15T06:43:39.044Z] >>> HTTP REQUEST GET https://serviceusage.googleapis.com/v1/projects/immediatejoiner/services/runtimeconfig.googleapis.com  
 
[debug] [2020-09-15T06:43:39.045Z] >>> HTTP REQUEST GET https://serviceusage.googleapis.com/v1/projects/immediatejoiner/services/cloudbuild.googleapis.com  
 
